<?xml version="1.0" encoding="UTF-8"?>
<testng-results ignored="0" total="1" passed="1" failed="0" skipped="0">
  <reporter-output>
    <line>
      <![CDATA[App URL: https://opensource-demo.orangehrmlive.com/web/index.php/auth/login]]>
    </line>
    <line>
      <![CDATA[ITO : 10]]>
    </line>
    <line>
      <![CDATA[ETO : 12]]>
    </line>
    <line>
      <![CDATA[Opening Chrome Browser]]>
    </line>
    <line>
      <![CDATA[Maximizing browser]]>
    </line>
    <line>
      <![CDATA[Enter the URL & Load the page : https://opensource-demo.orangehrmlive.com/web/index.php/auth/login]]>
    </line>
    <line>
      <![CDATA[Setting ITO to 10 seconds]]>
    </line>
    <line>
      <![CDATA[Setting ETO to 12 seconds]]>
    </line>
    <line>
      <![CDATA[HomePage is displayed]]>
    </line>
    <line>
      <![CDATA[Closing the Browser]]>
    </line>
  </reporter-output>
  <suite started-at="2022-08-30T06:34:50 IST" name="Default suite" finished-at="2022-08-30T06:35:03 IST" duration-ms="13392">
    <groups>
    </groups>
    <test started-at="2022-08-30T06:34:50 IST" name="Default test" finished-at="2022-08-30T06:35:03 IST" duration-ms="13392">
      <class name="script.ValidLoginOrange">
        <test-method is-config="true" signature="openApp()[pri:0, instance:script.ValidLoginOrange@247d8ae]" started-at="2022-08-30T06:34:50 IST" name="openApp" finished-at="2022-08-30T06:34:59 IST" duration-ms="9480" status="PASS">
          <reporter-output>
            <line>
              <![CDATA[App URL: https://opensource-demo.orangehrmlive.com/web/index.php/auth/login]]>
            </line>
            <line>
              <![CDATA[ITO : 10]]>
            </line>
            <line>
              <![CDATA[ETO : 12]]>
            </line>
            <line>
              <![CDATA[Opening Chrome Browser]]>
            </line>
            <line>
              <![CDATA[Maximizing browser]]>
            </line>
            <line>
              <![CDATA[Enter the URL & Load the page : https://opensource-demo.orangehrmlive.com/web/index.php/auth/login]]>
            </line>
            <line>
              <![CDATA[Setting ITO to 10 seconds]]>
            </line>
            <line>
              <![CDATA[Setting ETO to 12 seconds]]>
            </line>
          </reporter-output>
        </test-method> <!-- openApp -->
        <test-method signature="testValidLoginOrange()[pri:1, instance:script.ValidLoginOrange@247d8ae]" started-at="2022-08-30T06:34:59 IST" name="testValidLoginOrange" finished-at="2022-08-30T06:35:03 IST" duration-ms="3667" status="PASS">
          <reporter-output>
            <line>
              <![CDATA[HomePage is displayed]]>
            </line>
          </reporter-output>
        </test-method> <!-- testValidLoginOrange -->
        <test-method is-config="true" signature="closeApp()[pri:0, instance:script.ValidLoginOrange@247d8ae]" started-at="2022-08-30T06:35:03 IST" name="closeApp" finished-at="2022-08-30T06:35:03 IST" duration-ms="207" status="PASS">
          <reporter-output>
            <line>
              <![CDATA[Closing the Browser]]>
            </line>
          </reporter-output>
        </test-method> <!-- closeApp -->
      </class> <!-- script.ValidLoginOrange -->
    </test> <!-- Default test -->
  </suite> <!-- Default suite -->
</testng-results>
